<?xml version="1.0" encoding="UTF-8"?>
<!-- Generated by org.testng.reporters.JUnitReportReporter -->
<testsuite skipped="0" hostname="DESKTOP-L3SKI6V" name="org.bb.testPom.TestInvoice" tests="1" failures="0" timestamp="03 Mar 2020 19:55:14 GMT" time="81.719" errors="0">
  <testcase name="run" time="81.719" classname="org.bb.testPom.TestInvoice"/>
</testsuite> <!-- org.bb.testPom.TestInvoice -->
